110.10.16 12:32 B C:\Downloads\Distribution\Titan\libs\AceGUI-3.0\widgets\AceGUIWidget-BlizOptionsGroup.lua <-- frodo /export/home/brian/Distribution/Titan/libs/AceGUI-3.0/widgets AceGUIWidget-BlizOptionsGroup.lua
110.10.16 12:32 B C:\Downloads\Distribution\Titan\libs\AceGUI-3.0\widgets\AceGUIWidget-Button.lua <-- frodo /export/home/brian/Distribution/Titan/libs/AceGUI-3.0/widgets AceGUIWidget-Button.lua
110.10.16 12:32 B C:\Downloads\Distribution\Titan\libs\AceGUI-3.0\widgets\AceGUIWidget-CheckBox.lua <-- frodo /export/home/brian/Distribution/Titan/libs/AceGUI-3.0/widgets AceGUIWidget-CheckBox.lua
110.10.16 12:32 B C:\Downloads\Distribution\Titan\libs\AceGUI-3.0\widgets\AceGUIWidget-ColorPicker.lua <-- frodo /export/home/brian/Distribution/Titan/libs/AceGUI-3.0/widgets AceGUIWidget-ColorPicker.lua
110.10.16 12:32 B C:\Downloads\Distribution\Titan\libs\AceGUI-3.0\widgets\AceGUIWidget-DropDown-Items.lua <-- frodo /export/home/brian/Distribution/Titan/libs/AceGUI-3.0/widgets AceGUIWidget-DropDown-Items.lua
110.10.16 12:32 B C:\Downloads\Distribution\Titan\libs\AceGUI-3.0\widgets\AceGUIWidget-DropDown.lua <-- frodo /export/home/brian/Distribution/Titan/libs/AceGUI-3.0/widgets AceGUIWidget-DropDown.lua
110.10.16 12:32 B C:\Downloads\Distribution\Titan\libs\AceGUI-3.0\widgets\AceGUIWidget-DropDownGroup.lua <-- frodo /export/home/brian/Distribution/Titan/libs/AceGUI-3.0/widgets AceGUIWidget-DropDownGroup.lua
110.10.16 12:32 B C:\Downloads\Distribution\Titan\libs\AceGUI-3.0\widgets\AceGUIWidget-EditBox.lua <-- frodo /export/home/brian/Distribution/Titan/libs/AceGUI-3.0/widgets AceGUIWidget-EditBox.lua
110.10.16 12:32 B C:\Downloads\Distribution\Titan\libs\AceGUI-3.0\widgets\AceGUIWidget-Frame.lua <-- frodo /export/home/brian/Distribution/Titan/libs/AceGUI-3.0/widgets AceGUIWidget-Frame.lua
110.10.16 12:32 B C:\Downloads\Distribution\Titan\libs\AceGUI-3.0\widgets\AceGUIWidget-Heading.lua <-- frodo /export/home/brian/Distribution/Titan/libs/AceGUI-3.0/widgets AceGUIWidget-Heading.lua
110.10.16 12:32 B C:\Downloads\Distribution\Titan\libs\AceGUI-3.0\widgets\AceGUIWidget-Icon.lua <-- frodo /export/home/brian/Distribution/Titan/libs/AceGUI-3.0/widgets AceGUIWidget-Icon.lua
110.10.16 12:32 B C:\Downloads\Distribution\Titan\libs\AceGUI-3.0\widgets\AceGUIWidget-InlineGroup.lua <-- frodo /export/home/brian/Distribution/Titan/libs/AceGUI-3.0/widgets AceGUIWidget-InlineGroup.lua
110.10.16 12:32 B C:\Downloads\Distribution\Titan\libs\AceGUI-3.0\widgets\AceGUIWidget-InteractiveLabel.lua <-- frodo /export/home/brian/Distribution/Titan/libs/AceGUI-3.0/widgets AceGUIWidget-InteractiveLabel.lua
110.10.16 12:32 B C:\Downloads\Distribution\Titan\libs\AceGUI-3.0\widgets\AceGUIWidget-Keybinding.lua <-- frodo /export/home/brian/Distribution/Titan/libs/AceGUI-3.0/widgets AceGUIWidget-Keybinding.lua
110.10.16 12:32 B C:\Downloads\Distribution\Titan\libs\AceGUI-3.0\widgets\AceGUIWidget-Label.lua <-- frodo /export/home/brian/Distribution/Titan/libs/AceGUI-3.0/widgets AceGUIWidget-Label.lua
110.10.16 12:32 B C:\Downloads\Distribution\Titan\libs\AceGUI-3.0\widgets\AceGUIWidget-MultiLineEditBox.lua <-- frodo /export/home/brian/Distribution/Titan/libs/AceGUI-3.0/widgets AceGUIWidget-MultiLineEditBox.lua
110.10.16 12:32 B C:\Downloads\Distribution\Titan\libs\AceGUI-3.0\widgets\AceGUIWidget-ScrollFrame.lua <-- frodo /export/home/brian/Distribution/Titan/libs/AceGUI-3.0/widgets AceGUIWidget-ScrollFrame.lua
110.10.16 12:32 B C:\Downloads\Distribution\Titan\libs\AceGUI-3.0\widgets\AceGUIWidget-SimpleGroup.lua <-- frodo /export/home/brian/Distribution/Titan/libs/AceGUI-3.0/widgets AceGUIWidget-SimpleGroup.lua
110.10.16 12:32 B C:\Downloads\Distribution\Titan\libs\AceGUI-3.0\widgets\AceGUIWidget-Slider.lua <-- frodo /export/home/brian/Distribution/Titan/libs/AceGUI-3.0/widgets AceGUIWidget-Slider.lua
110.10.16 12:32 B C:\Downloads\Distribution\Titan\libs\AceGUI-3.0\widgets\AceGUIWidget-TabGroup.lua <-- frodo /export/home/brian/Distribution/Titan/libs/AceGUI-3.0/widgets AceGUIWidget-TabGroup.lua
110.10.16 12:32 B C:\Downloads\Distribution\Titan\libs\AceGUI-3.0\widgets\AceGUIWidget-TreeGroup.lua <-- frodo /export/home/brian/Distribution/Titan/libs/AceGUI-3.0/widgets AceGUIWidget-TreeGroup.lua
110.10.16 12:32 B C:\Downloads\Distribution\Titan\libs\AceGUI-3.0\widgets\AceGUIWidget-Window.lua <-- frodo /export/home/brian/Distribution/Titan/libs/AceGUI-3.0/widgets AceGUIWidget-Window.lua
